mode: set
immersiveApp/features/classes/service/service.go:16.73,21.2 1 1
immersiveApp/features/classes/service/service.go:23.64,25.2 1 1
immersiveApp/features/classes/service/service.go:27.70,29.2 1 1
immersiveApp/features/classes/service/service.go:31.93,34.24 3 1
immersiveApp/features/classes/service/service.go:38.2,39.21 2 1
immersiveApp/features/classes/service/service.go:43.2,44.24 2 1
immersiveApp/features/classes/service/service.go:48.2,48.76 1 1
immersiveApp/features/classes/service/service.go:52.2,53.16 2 1
immersiveApp/features/classes/service/service.go:57.2,57.35 1 1
immersiveApp/features/classes/service/service.go:34.24,36.3 1 1
immersiveApp/features/classes/service/service.go:39.21,41.3 1 0
immersiveApp/features/classes/service/service.go:44.24,46.3 1 0
immersiveApp/features/classes/service/service.go:48.76,50.3 1 0
immersiveApp/features/classes/service/service.go:53.16,55.3 1 0
immersiveApp/features/classes/service/service.go:60.102,61.62 1 0
immersiveApp/features/classes/service/service.go:65.2,66.16 2 0
immersiveApp/features/classes/service/service.go:69.2,69.30 1 0
immersiveApp/features/classes/service/service.go:61.62,63.3 1 0
immersiveApp/features/classes/service/service.go:66.16,68.3 1 0
immersiveApp/features/classes/service/service.go:72.46,73.49 1 1
immersiveApp/features/classes/service/service.go:77.2,77.27 1 0
immersiveApp/features/classes/service/service.go:73.49,75.3 1 0
immersiveApp/features/feedbacks/service/service.go:14.83,19.2 1 1
immersiveApp/features/feedbacks/service/service.go:21.72,23.2 1 1
immersiveApp/features/feedbacks/service/service.go:25.78,27.2 1 1
immersiveApp/features/feedbacks/service/service.go:29.109,31.24 2 1
immersiveApp/features/feedbacks/service/service.go:34.2,36.16 3 1
immersiveApp/features/feedbacks/service/service.go:39.2,39.35 1 0
immersiveApp/features/feedbacks/service/service.go:31.24,33.3 1 0
immersiveApp/features/feedbacks/service/service.go:36.16,38.3 1 0
immersiveApp/features/feedbacks/service/service.go:42.118,44.62 1 1
immersiveApp/features/feedbacks/service/service.go:49.2,50.16 2 0
immersiveApp/features/feedbacks/service/service.go:53.2,53.30 1 0
immersiveApp/features/feedbacks/service/service.go:44.62,46.3 1 0
immersiveApp/features/feedbacks/service/service.go:50.16,52.3 1 0
immersiveApp/features/feedbacks/service/service.go:56.49,57.49 1 1
immersiveApp/features/feedbacks/service/service.go:60.2,60.26 1 1
immersiveApp/features/feedbacks/service/service.go:57.49,59.3 1 0
immersiveApp/features/mentees/service/service.go:14.75,19.2 1 1
immersiveApp/features/mentees/service/service.go:21.66,23.2 1 1
immersiveApp/features/mentees/service/service.go:25.72,27.2 1 1
immersiveApp/features/mentees/service/service.go:29.63,31.2 1 1
immersiveApp/features/mentees/service/service.go:33.97,36.24 3 1
immersiveApp/features/mentees/service/service.go:40.2,41.16 2 1
immersiveApp/features/mentees/service/service.go:45.2,45.35 1 1
immersiveApp/features/mentees/service/service.go:36.24,38.3 1 1
immersiveApp/features/mentees/service/service.go:41.16,43.3 1 0
immersiveApp/features/mentees/service/service.go:48.106,49.62 1 1
immersiveApp/features/mentees/service/service.go:53.2,54.16 2 0
immersiveApp/features/mentees/service/service.go:57.2,57.30 1 0
immersiveApp/features/mentees/service/service.go:49.62,51.3 1 0
immersiveApp/features/mentees/service/service.go:54.16,56.3 1 0
immersiveApp/features/mentees/service/service.go:60.47,61.49 1 1
immersiveApp/features/mentees/service/service.go:65.2,65.27 1 1
immersiveApp/features/mentees/service/service.go:61.49,63.3 1 0
immersiveApp/features/statuses/service/service.go:14.73,19.2 1 1
immersiveApp/features/statuses/service/service.go:21.65,23.2 1 1
immersiveApp/features/teams/service/service.go:14.67,19.2 1 1
immersiveApp/features/teams/service/service.go:21.60,23.2 1 1
immersiveApp/features/teams/service/service.go:25.66,27.2 1 1
immersiveApp/features/teams/service/service.go:29.85,31.24 2 1
immersiveApp/features/teams/service/service.go:35.2,36.16 2 1
immersiveApp/features/teams/service/service.go:39.2,39.35 1 1
immersiveApp/features/teams/service/service.go:31.24,33.3 1 1
immersiveApp/features/teams/service/service.go:36.16,38.3 1 0
immersiveApp/features/teams/service/service.go:42.94,44.62 1 1
immersiveApp/features/teams/service/service.go:49.2,50.16 2 0
immersiveApp/features/teams/service/service.go:53.2,53.30 1 0
immersiveApp/features/teams/service/service.go:44.62,46.3 1 0
immersiveApp/features/teams/service/service.go:50.16,52.3 1 0
immersiveApp/features/teams/service/service.go:56.45,58.2 1 1
immersiveApp/features/users/service/service.go:15.67,19.2 1 1
immersiveApp/features/users/service/service.go:21.60,23.2 1 1
immersiveApp/features/users/service/service.go:25.66,27.2 1 1
immersiveApp/features/users/service/service.go:29.85,30.61 1 1
immersiveApp/features/users/service/service.go:34.2,36.24 3 0
immersiveApp/features/users/service/service.go:40.2,42.16 3 0
immersiveApp/features/users/service/service.go:46.2,46.35 1 0
immersiveApp/features/users/service/service.go:30.61,32.3 1 1
immersiveApp/features/users/service/service.go:36.24,38.3 1 0
immersiveApp/features/users/service/service.go:42.16,44.3 1 0
immersiveApp/features/users/service/service.go:49.91,50.62 1 1
immersiveApp/features/users/service/service.go:54.2,55.16 2 0
immersiveApp/features/users/service/service.go:59.2,59.30 1 0
immersiveApp/features/users/service/service.go:50.62,52.3 1 0
immersiveApp/features/users/service/service.go:55.16,57.3 1 0
immersiveApp/features/users/service/service.go:62.45,63.49 1 1
immersiveApp/features/users/service/service.go:67.2,67.27 1 1
immersiveApp/features/users/service/service.go:63.49,65.3 1 0
